2024-08-12 17:13:37 - Aluno adicionado: carlla
2024-08-12 17:15:05 - Aluno adicionado: carlla
2024-08-12 17:18:01 - Aluno adicionado: carlla
2024-08-12 17:19:21 - Aluno adicionado: carlla
2024-08-12 17:20:16 - Aluno adicionado: carlla
2024-08-12 17:26:30 - Aluno adicionado: vitoria
2024-08-12 17:26:57 - Aluno removido: 13426749440
2024-08-19 05:47:18 - Aluno adicionado: CARLLA
2024-08-19 05:47:59 - Aluno buscado: CARLLA
2024-08-19 05:48:37 - Aluno removido: 13426749440
2024-08-19 06:40:45 - Aluno adicionado: carlla com valor de mensalidade: 102.0
2024-08-19 06:45:19 - Aluno adicionado: carlla com valor de mensalidade: 102.0
2024-08-19 06:46:01 - Aluno adicionado: vitoria com valor de mensalidade: 150.0
2024-08-19 06:51:53 - Aluno adicionado: carlla com valor de mensalidade: 127.5
2024-08-19 07:03:42 - Aluno adicionado: carlla com valor de mensalidade: 127.5
2024-08-19 07:08:14 - Aluno adicionado: carlla com valor de mensalidade: 102.0
2024-08-19 07:09:05 - Aluno adicionado: carlla com valor de mensalidade: 120.0
2024-08-19 07:33:33 - Aluno adicionado: carlla com valor de mensalidade: 135.0
2024-08-19 13:08:40 - Aluno adicionado: carlla com valor de mensalidade: R$ 91.80000000000001
2024-08-19 13:10:44 - Aluno buscado: carlla
2024-08-19 13:21:34 - Aluno adicionado: carlla com valor de mensalidade: R$ 91.80000000000001
2024-08-19 13:21:48 - Aluno buscado: carlla
2024-08-19 13:22:20 - Aluno atualizado: vitoria com nova mensalidade: R$ 91.80000000000001
2024-08-19 13:27:05 - Erro ao adicionar aluno: CPF inválido
2024-08-19 13:27:48 - Aluno adicionado: carlla com valor de mensalidade: R$ 150.0
